<?xml version="1.0" encoding="UTF-8"?>
<!-- Generated by org.testng.reporters.JUnitXMLReporter -->
<testsuite hostname="DESKTOP-SQOG6JI" ignored="0" name="Test" tests="2" failures="0" timestamp="07 Apr 2019 13:14:16 GMT" time="43.861" errors="0">
  <testcase name="testApplicationSanity" time="25.501" classname="com.acuver.opsroom.automation.test.ApplicationTest"/>
  <testcase name="testApplicationSanity" time="15.252" classname="com.acuver.opsroom.automation.test.ApplicationTest"/>
</testsuite> <!-- Test -->
